<?xml version="1.0" encoding="UTF-8"?>
<!-- Generated by org.testng.reporters.JUnitXMLReporter -->
<testsuite hostname="TT0035311" ignored="0" name="Default test" tests="4" failures="0" timestamp="04 Eki 2019 12:45:42 GMT" time="37.276" errors="0">
  <testcase name="runapp" time="1.388" classname="TestNGPackage.SeleniumTestNG"/>
  <testcase name="runapp" time="0.778" classname="TestNGPackage.SeleniumTestNG"/>
  <testcase name="runapp" time="0.945" classname="TestNGPackage.SeleniumTestNG"/>
  <testcase name="runapp" time="0.794" classname="TestNGPackage.SeleniumTestNG"/>
</testsuite> <!-- Default test -->
