<?xml version="1.0" encoding="UTF-8"?>
<!-- Generated by org.testng.reporters.JUnitXMLReporter -->
<testsuite hostname="TT0035311" name="Default test" tests="3" failures="0" timestamp="22 Oct 2019 06:20:12 GMT" time="30.595" errors="0">
  <testcase name="checkTitle" time="2.435" classname="chrome.SeleniumTestngExtentReport"/>
  <testcase name="loginTest" time="1.633" classname="chrome.SeleniumTestngExtentReport"/>
  <testcase name="loginTest" time="0.847" classname="chrome.SeleniumTestngExtentReport"/>
</testsuite> <!-- Default test -->
