<?xml version="1.0" encoding="UTF-8"?>
<testng-results skipped="0" failed="0" ignored="0" total="4" passed="4">
  <reporter-output>
  </reporter-output>
  <suite name="Default suite" duration-ms="37276" started-at="2019-10-04T12:45:04Z" finished-at="2019-10-04T12:45:42Z">
    <groups>
    </groups>
    <test name="Default test" duration-ms="37276" started-at="2019-10-04T12:45:04Z" finished-at="2019-10-04T12:45:42Z">
      <class name="TestNGPackage.SeleniumTestNG">
        <test-method status="PASS" signature="launchBrowser()[pri:0, instance:TestNGPackage.SeleniumTestNG@39aeed2f]" name="launchBrowser" is-config="true" duration-ms="7279" started-at="2019-10-04T15:45:05Z" finished-at="2019-10-04T15:45:12Z">
          <reporter-output>
          </reporter-output>
        </test-method> <!-- launchBrowser -->
        <test-method status="PASS" signature="runapp(java.lang.String, java.lang.String)[pri:0, instance:TestNGPackage.SeleniumTestNG@39aeed2f]" name="runapp" duration-ms="1388" started-at="2019-10-04T15:45:12Z" data-provider="MamiTest" finished-at="2019-10-04T15:45:13Z">
          <params>
            <param index="0">
              <value>
                <![CDATA[Mngr223209]]>
              </value>
            </param>
            <param index="1">
              <value>
                <![CDATA[AnusypY]]>
              </value>
            </param>
          </params>
          <reporter-output>
          </reporter-output>
        </test-method> <!-- runapp -->
        <test-method status="PASS" signature="closeBrowser()[pri:0, instance:TestNGPackage.SeleniumTestNG@39aeed2f]" name="closeBrowser" is-config="true" duration-ms="1320" started-at="2019-10-04T15:45:13Z" finished-at="2019-10-04T15:45:15Z">
          <reporter-output>
          </reporter-output>
        </test-method> <!-- closeBrowser -->
        <test-method status="PASS" signature="launchBrowser()[pri:0, instance:TestNGPackage.SeleniumTestNG@39aeed2f]" name="launchBrowser" is-config="true" duration-ms="7244" started-at="2019-10-04T15:45:15Z" finished-at="2019-10-04T15:45:22Z">
          <reporter-output>
          </reporter-output>
        </test-method> <!-- launchBrowser -->
        <test-method status="PASS" signature="runapp(java.lang.String, java.lang.String)[pri:0, instance:TestNGPackage.SeleniumTestNG@39aeed2f]" name="runapp" duration-ms="778" started-at="2019-10-04T15:45:22Z" data-provider="MamiTest" finished-at="2019-10-04T15:45:23Z">
          <params>
            <param index="0">
              <value>
                <![CDATA[invalid]]>
              </value>
            </param>
            <param index="1">
              <value>
                <![CDATA[valid]]>
              </value>
            </param>
          </params>
          <reporter-output>
          </reporter-output>
        </test-method> <!-- runapp -->
        <test-method status="PASS" signature="closeBrowser()[pri:0, instance:TestNGPackage.SeleniumTestNG@39aeed2f]" name="closeBrowser" is-config="true" duration-ms="948" started-at="2019-10-04T15:45:23Z" finished-at="2019-10-04T15:45:24Z">
          <reporter-output>
          </reporter-output>
        </test-method> <!-- closeBrowser -->
        <test-method status="PASS" signature="launchBrowser()[pri:0, instance:TestNGPackage.SeleniumTestNG@39aeed2f]" name="launchBrowser" is-config="true" duration-ms="6774" started-at="2019-10-04T15:45:24Z" finished-at="2019-10-04T15:45:30Z">
          <reporter-output>
          </reporter-output>
        </test-method> <!-- launchBrowser -->
        <test-method status="PASS" signature="runapp(java.lang.String, java.lang.String)[pri:0, instance:TestNGPackage.SeleniumTestNG@39aeed2f]" name="runapp" duration-ms="945" started-at="2019-10-04T15:45:30Z" data-provider="MamiTest" finished-at="2019-10-04T15:45:31Z">
          <params>
            <param index="0">
              <value>
                <![CDATA[valid]]>
              </value>
            </param>
            <param index="1">
              <value>
                <![CDATA[invalid]]>
              </value>
            </param>
          </params>
          <reporter-output>
          </reporter-output>
        </test-method> <!-- runapp -->
        <test-method status="PASS" signature="closeBrowser()[pri:0, instance:TestNGPackage.SeleniumTestNG@39aeed2f]" name="closeBrowser" is-config="true" duration-ms="944" started-at="2019-10-04T15:45:31Z" finished-at="2019-10-04T15:45:32Z">
          <reporter-output>
          </reporter-output>
        </test-method> <!-- closeBrowser -->
        <test-method status="PASS" signature="launchBrowser()[pri:0, instance:TestNGPackage.SeleniumTestNG@39aeed2f]" name="launchBrowser" is-config="true" duration-ms="7368" started-at="2019-10-04T15:45:32Z" finished-at="2019-10-04T15:45:40Z">
          <reporter-output>
          </reporter-output>
        </test-method> <!-- launchBrowser -->
        <test-method status="PASS" signature="runapp(java.lang.String, java.lang.String)[pri:0, instance:TestNGPackage.SeleniumTestNG@39aeed2f]" name="runapp" duration-ms="794" started-at="2019-10-04T15:45:40Z" data-provider="MamiTest" finished-at="2019-10-04T15:45:40Z">
          <params>
            <param index="0">
              <value>
                <![CDATA[invalid]]>
              </value>
            </param>
            <param index="1">
              <value>
                <![CDATA[invalid]]>
              </value>
            </param>
          </params>
          <reporter-output>
          </reporter-output>
        </test-method> <!-- runapp -->
        <test-method status="PASS" signature="closeBrowser()[pri:0, instance:TestNGPackage.SeleniumTestNG@39aeed2f]" name="closeBrowser" is-config="true" duration-ms="1314" started-at="2019-10-04T15:45:40Z" finished-at="2019-10-04T15:45:42Z">
          <reporter-output>
          </reporter-output>
        </test-method> <!-- closeBrowser -->
      </class> <!-- TestNGPackage.SeleniumTestNG -->
    </test> <!-- Default test -->
  </suite> <!-- Default suite -->
</testng-results>
